app/build/intermediates/manifest_merge_blame_file/debug/manifest-merger-blame-debug-report.txt
1<?xml version="1.0" encoding="utf-8"?>
2<manifest xmlns:android="http://schemas.android.com/apk/res/android"
3    package="com.mitac.android.i2ctool"
4    android:versionCode="1"
5    android:versionName="1.0" >
6
7    <uses-sdk
8        android:minSdkVersion="15"
8-->src/main/AndroidManifest.xml
9        android:targetSdkVersion="28" />
9-->src/main/AndroidManifest.xml
10
11    <uses-permission android:name="android.permission.WRITE_EXTERNAL_STORAGE" />
11-->src/main/AndroidManifest.xml:7:5-81
11-->src/main/AndroidManifest.xml:7:22-78
12
13    <application
13-->src/main/AndroidManifest.xml:9:5-24:19
14        android:allowBackup="true"
14-->src/main/AndroidManifest.xml:10:9-35
15        android:appComponentFactory="android.support.v4.app.CoreComponentFactory"
15-->[com.android.support:support-compat:28.0.0] AndroidManifest.xml:22:18-91
16        android:debuggable="true"
17        android:icon="@drawable/ic_launcher"
17-->src/main/AndroidManifest.xml:11:9-45
18        android:label="@string/app_name"
18-->src/main/AndroidManifest.xml:12:9-41
19        android:testOnly="true"
20        android:theme="@style/AppTheme" >
20-->src/main/AndroidManifest.xml:13:9-40
21        <activity
21-->src/main/AndroidManifest.xml:14:9-23:20
22            android:name="com.mitac.android.i2ctool.MainActivity"
22-->src/main/AndroidManifest.xml:15:13-66
23            android:label="@string/app_name"
23-->src/main/AndroidManifest.xml:17:13-45
24            android:screenOrientation="landscape" >
24-->src/main/AndroidManifest.xml:16:13-50
25            <intent-filter>
25-->src/main/AndroidManifest.xml:18:13-22:29
26                <action android:name="android.intent.action.MAIN" />
26-->src/main/AndroidManifest.xml:19:17-69
26-->src/main/AndroidManifest.xml:19:25-66
27
28                <category android:name="android.intent.category.LAUNCHER" />
28-->src/main/AndroidManifest.xml:21:17-77
28-->src/main/AndroidManifest.xml:21:27-74
29            </intent-filter>
30        </activity>
31    </application>
32
33</manifest>